2024-11-23 21:57:02 [background-preinit] INFO  o.h.validator.internal.util.Version - HV000001: Hibernate Validator 8.0.1.Final
2024-11-23 21:57:02 [restartedMain] INFO  com.example.hrms.HrmsApplication - Starting HrmsApplication using Java 17.0.13 with PID 8486 (/home/tarik/git/Human-Resource-Management-System/target/classes started by tarik in /home/tarik/git/Human-Resource-Management-System)
2024-11-23 21:57:02 [restartedMain] DEBUG com.example.hrms.HrmsApplication - Running with Spring Boot v3.3.2, Spring v6.1.11
2024-11-23 21:57:02 [restartedMain] INFO  com.example.hrms.HrmsApplication - No active profile set, falling back to 1 default profile: "default"
2024-11-23 21:57:02 [restartedMain] INFO  o.s.b.d.e.DevToolsPropertyDefaultsPostProcessor - Devtools property defaults active! Set 'spring.devtools.add-properties' to 'false' to disable
2024-11-23 21:57:02 [restartedMain] INFO  o.s.b.d.e.DevToolsPropertyDefaultsPostProcessor - For additional web related logging consider setting the 'logging.level.web' property to 'DEBUG'
2024-11-23 21:57:02 [restartedMain] INFO  o.s.d.r.c.RepositoryConfigurationDelegate - Bootstrapping Spring Data JPA repositories in DEFAULT mode.
2024-11-23 21:57:02 [restartedMain] INFO  o.s.d.r.c.RepositoryConfigurationDelegate - Finished Spring Data repository scanning in 33 ms. Found 5 JPA repository interfaces.
2024-11-23 21:57:03 [restartedMain] INFO  o.s.b.w.e.tomcat.TomcatWebServer - Tomcat initialized with port 8080 (http)
2024-11-23 21:57:03 [restartedMain] INFO  o.a.coyote.http11.Http11NioProtocol - Initializing ProtocolHandler ["http-nio-8080"]
2024-11-23 21:57:03 [restartedMain] INFO  o.a.catalina.core.StandardService - Starting service [Tomcat]
2024-11-23 21:57:03 [restartedMain] INFO  o.a.catalina.core.StandardEngine - Starting Servlet engine: [Apache Tomcat/10.1.26]
2024-11-23 21:57:03 [restartedMain] INFO  o.a.c.c.C.[Tomcat].[localhost].[/] - Initializing Spring embedded WebApplicationContext
2024-11-23 21:57:03 [restartedMain] INFO  o.s.b.w.s.c.ServletWebServerApplicationContext - Root WebApplicationContext: initialization completed in 1268 ms
2024-11-23 21:57:03 [restartedMain] DEBUG c.e.hrms.security.JwtAuthFilter - Filter 'jwtAuthFilter' configured for use
2024-11-23 21:57:03 [restartedMain] WARN  o.s.b.w.s.c.AnnotationConfigServletWebServerApplicationContext - Exception encountered during context initialization - cancelling refresh attempt: org.springframework.beans.factory.BeanCreationException: Error creating bean with name 'entityManagerFactory' defined in class path resource [org/springframework/boot/autoconfigure/orm/jpa/HibernateJpaConfiguration.class]: Failed to initialize dependency 'cacheManager' of LoadTimeWeaverAware bean 'entityManagerFactory': Error creating bean with name 'cacheManager' defined in class path resource [org/springframework/boot/autoconfigure/cache/JCacheCacheConfiguration.class]: Unsatisfied dependency expressed through method 'cacheManager' parameter 1: Error creating bean with name 'jCacheCacheManager' defined in class path resource [org/springframework/boot/autoconfigure/cache/JCacheCacheConfiguration.class]: Failed to instantiate [javax.cache.CacheManager]: Factory method 'jCacheCacheManager' threw exception with message: org.ehcache.xml.exceptions.XmlConfigurationException: Cannot confirm XML sub-type correctness. You might be missing client side libraries.
2024-11-23 21:57:03 [restartedMain] INFO  o.a.catalina.core.StandardService - Stopping service [Tomcat]
2024-11-23 21:57:03 [restartedMain] INFO  o.s.b.a.l.ConditionEvaluationReportLogger - 

Error starting ApplicationContext. To display the condition evaluation report re-run your application with 'debug' enabled.
2024-11-23 21:57:04 [restartedMain] ERROR o.s.boot.SpringApplication - Application run failed
org.springframework.beans.factory.BeanCreationException: Error creating bean with name 'entityManagerFactory' defined in class path resource [org/springframework/boot/autoconfigure/orm/jpa/HibernateJpaConfiguration.class]: Failed to initialize dependency 'cacheManager' of LoadTimeWeaverAware bean 'entityManagerFactory': Error creating bean with name 'cacheManager' defined in class path resource [org/springframework/boot/autoconfigure/cache/JCacheCacheConfiguration.class]: Unsatisfied dependency expressed through method 'cacheManager' parameter 1: Error creating bean with name 'jCacheCacheManager' defined in class path resource [org/springframework/boot/autoconfigure/cache/JCacheCacheConfiguration.class]: Failed to instantiate [javax.cache.CacheManager]: Factory method 'jCacheCacheManager' threw exception with message: org.ehcache.xml.exceptions.XmlConfigurationException: Cannot confirm XML sub-type correctness. You might be missing client side libraries.
	at org.springframework.beans.factory.support.AbstractBeanFactory.doGetBean(AbstractBeanFactory.java:326)
	at org.springframework.beans.factory.support.AbstractBeanFactory.getBean(AbstractBeanFactory.java:205)
	at org.springframework.context.support.AbstractApplicationContext.finishBeanFactoryInitialization(AbstractApplicationContext.java:954)
	at org.springframework.context.support.AbstractApplicationContext.refresh(AbstractApplicationContext.java:625)
	at org.springframework.boot.web.servlet.context.ServletWebServerApplicationContext.refresh(ServletWebServerApplicationContext.java:146)
	at org.springframework.boot.SpringApplication.refresh(SpringApplication.java:754)
	at org.springframework.boot.SpringApplication.refreshContext(SpringApplication.java:456)
	at org.springframework.boot.SpringApplication.run(SpringApplication.java:335)
	at org.springframework.boot.SpringApplication.run(SpringApplication.java:1363)
	at org.springframework.boot.SpringApplication.run(SpringApplication.java:1352)
	at com.example.hrms.HrmsApplication.main(HrmsApplication.java:22)
	at java.base/jdk.internal.reflect.NativeMethodAccessorImpl.invoke0(Native Method)
	at java.base/jdk.internal.reflect.NativeMethodAccessorImpl.invoke(NativeMethodAccessorImpl.java:77)
	at java.base/jdk.internal.reflect.DelegatingMethodAccessorImpl.invoke(DelegatingMethodAccessorImpl.java:43)
	at java.base/java.lang.reflect.Method.invoke(Method.java:569)
	at org.springframework.boot.devtools.restart.RestartLauncher.run(RestartLauncher.java:50)
Caused by: org.springframework.beans.factory.UnsatisfiedDependencyException: Error creating bean with name 'cacheManager' defined in class path resource [org/springframework/boot/autoconfigure/cache/JCacheCacheConfiguration.class]: Unsatisfied dependency expressed through method 'cacheManager' parameter 1: Error creating bean with name 'jCacheCacheManager' defined in class path resource [org/springframework/boot/autoconfigure/cache/JCacheCacheConfiguration.class]: Failed to instantiate [javax.cache.CacheManager]: Factory method 'jCacheCacheManager' threw exception with message: org.ehcache.xml.exceptions.XmlConfigurationException: Cannot confirm XML sub-type correctness. You might be missing client side libraries.
	at org.springframework.beans.factory.support.ConstructorResolver.createArgumentArray(ConstructorResolver.java:795)
	at org.springframework.beans.factory.support.ConstructorResolver.instantiateUsingFactoryMethod(ConstructorResolver.java:542)
	at org.springframework.beans.factory.support.AbstractAutowireCapableBeanFactory.instantiateUsingFactoryMethod(AbstractAutowireCapableBeanFactory.java:1355)
	at org.springframework.beans.factory.support.AbstractAutowireCapableBeanFactory.createBeanInstance(AbstractAutowireCapableBeanFactory.java:1185)
	at org.springframework.beans.factory.support.AbstractAutowireCapableBeanFactory.doCreateBean(AbstractAutowireCapableBeanFactory.java:562)
	at org.springframework.beans.factory.support.AbstractAutowireCapableBeanFactory.createBean(AbstractAutowireCapableBeanFactory.java:522)
	at org.springframework.beans.factory.support.AbstractBeanFactory.lambda$doGetBean$0(AbstractBeanFactory.java:337)
	at org.springframework.beans.factory.support.DefaultSingletonBeanRegistry.getSingleton(DefaultSingletonBeanRegistry.java:234)
	at org.springframework.beans.factory.support.AbstractBeanFactory.doGetBean(AbstractBeanFactory.java:335)
	at org.springframework.beans.factory.support.AbstractBeanFactory.getBean(AbstractBeanFactory.java:200)
	at org.springframework.beans.factory.support.AbstractBeanFactory.doGetBean(AbstractBeanFactory.java:313)
	... 15 common frames omitted
Caused by: org.springframework.beans.factory.BeanCreationException: Error creating bean with name 'jCacheCacheManager' defined in class path resource [org/springframework/boot/autoconfigure/cache/JCacheCacheConfiguration.class]: Failed to instantiate [javax.cache.CacheManager]: Factory method 'jCacheCacheManager' threw exception with message: org.ehcache.xml.exceptions.XmlConfigurationException: Cannot confirm XML sub-type correctness. You might be missing client side libraries.
	at org.springframework.beans.factory.support.ConstructorResolver.instantiate(ConstructorResolver.java:648)
	at org.springframework.beans.factory.support.ConstructorResolver.instantiateUsingFactoryMethod(ConstructorResolver.java:636)
	at org.springframework.beans.factory.support.AbstractAutowireCapableBeanFactory.instantiateUsingFactoryMethod(AbstractAutowireCapableBeanFactory.java:1355)
	at org.springframework.beans.factory.support.AbstractAutowireCapableBeanFactory.createBeanInstance(AbstractAutowireCapableBeanFactory.java:1185)
	at org.springframework.beans.factory.support.AbstractAutowireCapableBeanFactory.doCreateBean(AbstractAutowireCapableBeanFactory.java:562)
	at org.springframework.beans.factory.support.AbstractAutowireCapableBeanFactory.createBean(AbstractAutowireCapableBeanFactory.java:522)
	at org.springframework.beans.factory.support.AbstractBeanFactory.lambda$doGetBean$0(AbstractBeanFactory.java:337)
	at org.springframework.beans.factory.support.DefaultSingletonBeanRegistry.getSingleton(DefaultSingletonBeanRegistry.java:234)
	at org.springframework.beans.factory.support.AbstractBeanFactory.doGetBean(AbstractBeanFactory.java:335)
	at org.springframework.beans.factory.support.AbstractBeanFactory.getBean(AbstractBeanFactory.java:200)
	at org.springframework.beans.factory.config.DependencyDescriptor.resolveCandidate(DependencyDescriptor.java:254)
	at org.springframework.beans.factory.support.DefaultListableBeanFactory.doResolveDependency(DefaultListableBeanFactory.java:1443)
	at org.springframework.beans.factory.support.DefaultListableBeanFactory.resolveDependency(DefaultListableBeanFactory.java:1353)
	at org.springframework.beans.factory.support.ConstructorResolver.resolveAutowiredArgument(ConstructorResolver.java:904)
	at org.springframework.beans.factory.support.ConstructorResolver.createArgumentArray(ConstructorResolver.java:782)
	... 25 common frames omitted
Caused by: org.springframework.beans.BeanInstantiationException: Failed to instantiate [javax.cache.CacheManager]: Factory method 'jCacheCacheManager' threw exception with message: org.ehcache.xml.exceptions.XmlConfigurationException: Cannot confirm XML sub-type correctness. You might be missing client side libraries.
	at org.springframework.beans.factory.support.SimpleInstantiationStrategy.instantiate(SimpleInstantiationStrategy.java:178)
	at org.springframework.beans.factory.support.ConstructorResolver.instantiate(ConstructorResolver.java:644)
	... 39 common frames omitted
Caused by: javax.cache.CacheException: org.ehcache.xml.exceptions.XmlConfigurationException: Cannot confirm XML sub-type correctness. You might be missing client side libraries.
	at org.ehcache.jsr107.EhcacheCachingProvider$ConfigSupplier.getConfiguration(EhcacheCachingProvider.java:331)
	at org.ehcache.jsr107.EhcacheCachingProvider.getCacheManager(EhcacheCachingProvider.java:134)
	at org.ehcache.jsr107.EhcacheCachingProvider.getCacheManager(EhcacheCachingProvider.java:85)
	at org.springframework.boot.autoconfigure.cache.JCacheCacheConfiguration.createCacheManager(JCacheCacheConfiguration.java:101)
	at org.springframework.boot.autoconfigure.cache.JCacheCacheConfiguration.jCacheCacheManager(JCacheCacheConfiguration.java:83)
	at java.base/jdk.internal.reflect.NativeMethodAccessorImpl.invoke0(Native Method)
	at java.base/jdk.internal.reflect.NativeMethodAccessorImpl.invoke(NativeMethodAccessorImpl.java:77)
	at java.base/jdk.internal.reflect.DelegatingMethodAccessorImpl.invoke(DelegatingMethodAccessorImpl.java:43)
	at java.base/java.lang.reflect.Method.invoke(Method.java:569)
	at org.springframework.beans.factory.support.SimpleInstantiationStrategy.instantiate(SimpleInstantiationStrategy.java:146)
	... 40 common frames omitted
Caused by: org.ehcache.xml.exceptions.XmlConfigurationException: Cannot confirm XML sub-type correctness. You might be missing client side libraries.
	at org.ehcache.xml.XmlUtil$FatalErrorHandler.fatalError(XmlUtil.java:222)
	at org.ehcache.xml.XmlUtil$FatalErrorHandler.error(XmlUtil.java:216)
	at java.xml/com.sun.org.apache.xerces.internal.util.ErrorHandlerWrapper.error(ErrorHandlerWrapper.java:138)
	at java.xml/com.sun.org.apache.xerces.internal.impl.XMLErrorReporter.reportError(XMLErrorReporter.java:396)
	at java.xml/com.sun.org.apache.xerces.internal.impl.XMLErrorReporter.reportError(XMLErrorReporter.java:327)
	at java.xml/com.sun.org.apache.xerces.internal.impl.XMLErrorReporter.reportError(XMLErrorReporter.java:284)
	at java.xml/com.sun.org.apache.xerces.internal.impl.xs.XMLSchemaValidator$XSIErrorReporter.reportError(XMLSchemaValidator.java:512)
	at java.xml/com.sun.org.apache.xerces.internal.impl.xs.XMLSchemaValidator.reportSchemaError(XMLSchemaValidator.java:3596)
	at java.xml/com.sun.org.apache.xerces.internal.impl.xs.XMLSchemaValidator.handleStartElement(XMLSchemaValidator.java:1972)
	at java.xml/com.sun.org.apache.xerces.internal.impl.xs.XMLSchemaValidator.startElement(XMLSchemaValidator.java:830)
	at java.xml/com.sun.org.apache.xerces.internal.impl.XMLNSDocumentScannerImpl.scanStartElement(XMLNSDocumentScannerImpl.java:374)
	at java.xml/com.sun.org.apache.xerces.internal.impl.XMLDocumentFragmentScannerImpl$FragmentContentDriver.next(XMLDocumentFragmentScannerImpl.java:2726)
	at java.xml/com.sun.org.apache.xerces.internal.impl.XMLDocumentScannerImpl.next(XMLDocumentScannerImpl.java:605)
	at java.xml/com.sun.org.apache.xerces.internal.impl.XMLNSDocumentScannerImpl.next(XMLNSDocumentScannerImpl.java:112)
	at java.xml/com.sun.org.apache.xerces.internal.impl.XMLDocumentFragmentScannerImpl.scanDocument(XMLDocumentFragmentScannerImpl.java:542)
	at java.xml/com.sun.org.apache.xerces.internal.parsers.XML11Configuration.parse(XML11Configuration.java:889)
	at java.xml/com.sun.org.apache.xerces.internal.parsers.XML11Configuration.parse(XML11Configuration.java:825)
	at java.xml/com.sun.org.apache.xerces.internal.parsers.XMLParser.parse(XMLParser.java:141)
	at java.xml/com.sun.org.apache.xerces.internal.parsers.DOMParser.parse(DOMParser.java:247)
	at java.xml/com.sun.org.apache.xerces.internal.jaxp.DocumentBuilderImpl.parse(DocumentBuilderImpl.java:342)
	at java.xml/javax.xml.parsers.DocumentBuilder.parse(DocumentBuilder.java:178)
	at org.ehcache.xml.ConfigurationParser.uriToDocument(ConfigurationParser.java:226)
	at org.ehcache.xml.XmlConfiguration.<init>(XmlConfiguration.java:117)
	at org.ehcache.xml.XmlConfiguration.<init>(XmlConfiguration.java:92)
	at org.ehcache.jsr107.EhcacheCachingProvider$ConfigSupplier.getConfiguration(EhcacheCachingProvider.java:328)
	... 49 common frames omitted
Caused by: org.xml.sax.SAXParseException: cvc-complex-type.2.4.a: Invalid content was found starting with element '{"http://www.ehcache.org/v3":eviction-policy}'. One of '{"http://www.ehcache.org/v3":heap-store-settings, "http://www.ehcache.org/v3":disk-store-settings, "http://www.ehcache.org/v3":service-configuration}' is expected.
	at java.xml/com.sun.org.apache.xerces.internal.util.ErrorHandlerWrapper.createSAXParseException(ErrorHandlerWrapper.java:204)
	at java.xml/com.sun.org.apache.xerces.internal.util.ErrorHandlerWrapper.error(ErrorHandlerWrapper.java:135)
	... 71 common frames omitted
